<?xml version="1.0" encoding="UTF-8"?>
<!-- Generated by org.testng.reporters.JUnitReportReporter -->
<testsuite skipped="0" hostname="LAPTOP-G8T2QIRH" name="frontline.app.mytestcases.MyGoogleTestCases" tests="3" failures="0" timestamp="2022-09-22T22:02:30 IST" time="0.176" errors="0">
  <testcase name="verifyGmailLinkIsDisplayed" time="0.113" classname="frontline.app.mytestcases.MyGoogleTestCases"/>
  <system-out/>
  <testcase name="verifyTitle" time="0.008" classname="frontline.app.mytestcases.MyGoogleTestCases"/>
  <system-out/>
  <testcase name="verifyGoogleImage" time="0.055" classname="frontline.app.mytestcases.MyGoogleTestCases"/>
  <system-out/>
</testsuite> <!-- frontline.app.mytestcases.MyGoogleTestCases -->
