<?xml version="1.0" encoding="UTF-8"?>
<!-- Generated by org.testng.reporters.JUnitReportReporter -->
<testsuite skipped="0" hostname="LAPTOP-G8T2QIRH" name="frontline.app.mytestcases.ReadExcel" tests="1" failures="0" timestamp="2022-09-22T22:02:30 IST" time="3.161" errors="0">
  <testcase name="readExcel" time="3.161" classname="frontline.app.mytestcases.ReadExcel"/>
  <system-out/>
</testsuite> <!-- frontline.app.mytestcases.ReadExcel -->
